<?xml version="1.0" encoding="UTF-8"?>
<!-- Generated by org.testng.reporters.JUnitReportReporter -->
<testsuite hostname="DESKTOP-9HU6DH7" failures="0" tests="4" name="framework.testscript.EXP_02" time="0.000" errors="0" timestamp="2022-12-13T15:47:44 IST" skipped="4">
  <testcase classname="framework.testscript.EXP_02" name="deletemp" time="0.000">
    <skipped/>
  </testcase> <!-- deletemp -->
  <system-out/>
  <testcase classname="framework.testscript.EXP_02" name="logout" time="0.000">
    <skipped/>
  </testcase> <!-- logout -->
  <system-out/>
  <testcase classname="framework.testscript.EXP_02" name="addNewEmp" time="0.000">
    <skipped/>
  </testcase> <!-- addNewEmp -->
  <system-out/>
  <testcase classname="framework.testscript.EXP_02" name="login" time="0.000">
    <skipped/>
  </testcase> <!-- login -->
  <system-out/>
</testsuite> <!-- framework.testscript.EXP_02 -->
