<?xml version="1.0" encoding="UTF-8"?>
<!-- Generated by org.testng.reporters.JUnitReportReporter -->
<testsuite hostname="DESKTOP-9HU6DH7" failures="0" tests="1" name="framework.testscript.EXP_06" time="0.000" errors="0" timestamp="2022-12-13T15:47:44 IST" skipped="1">
  <testcase classname="framework.testscript.EXP_06" name="TC002" time="0.000">
    <skipped/>
  </testcase> <!-- TC002 -->
  <system-out/>
</testsuite> <!-- framework.testscript.EXP_06 -->
