<?xml version="1.0" encoding="UTF-8"?>
<!-- Generated by org.testng.reporters.JUnitReportReporter -->
<testsuite hostname="DESKTOP-9HU6DH7" failures="0" tests="4" name="TestNG.Examples.TC001" time="0.040" errors="0" timestamp="2022-12-08T15:23:45 IST" skipped="0">
  <testcase classname="TestNG.Examples.TC001" name="login" time="0.006"/>
  <system-out/>
  <testcase classname="TestNG.Examples.TC001" name="deletemp" time="0.003"/>
  <system-out/>
  <testcase classname="TestNG.Examples.TC001" name="addNewEmp" time="0.020"/>
  <system-out/>
  <testcase classname="TestNG.Examples.TC001" name="logout" time="0.011"/>
  <system-out/>
</testsuite> <!-- TestNG.Examples.TC001 -->
