<?xml version="1.0" encoding="UTF-8"?>
<!-- Generated by org.testng.reporters.JUnitReportReporter -->
<testsuite hostname="DESKTOP-9HU6DH7" failures="0" tests="1" name="TestNG.Examples.EXP_05" time="5.307" errors="0" timestamp="2022-12-10T14:16:36 IST" skipped="0">
  <testcase classname="TestNG.Examples.EXP_05" name="TC001" time="5.307"/>
  <system-out>
    <![CDATA[Application Opened
Login Completed
Logout Completed]]>
  </system-out>
</testsuite> <!-- TestNG.Examples.EXP_05 -->
