<?xml version="1.0" encoding="UTF-8"?>
<!-- Generated by org.testng.reporters.JUnitReportReporter -->
<testsuite hostname="DESKTOP-9HU6DH7" failures="0" tests="1" name="framework.testscript.TC002" time="19.105" errors="0" timestamp="15 Dec 2022 19:38:11 GMT">
  <testcase classname="framework.testscript.TC002" name="tc002" time="19.105"/>
</testsuite> <!-- framework.testscript.TC002 -->
