<?xml version="1.0" encoding="UTF-8"?>
<!-- Generated by org.testng.reporters.JUnitReportReporter -->
<testsuite hostname="DESKTOP-9HU6DH7" failures="0" tests="1" name="framework.testscript.TC002" time="7.986" errors="0" timestamp="14 Dec 2022 12:27:15 GMT">
  <testcase classname="framework.testscript.TC002" name="tc002" time="7.986"/>
</testsuite> <!-- framework.testscript.TC002 -->
