<?xml version="1.0" encoding="UTF-8"?>
<!-- Generated by org.testng.reporters.JUnitReportReporter -->
<testsuite hostname="DESKTOP-9HU6DH7" failures="0" tests="2" name="TestNG.Examples.EXP_Testing" time="0.026" errors="0" timestamp="2022-12-08T15:06:21 IST" skipped="0">
  <testcase classname="TestNG.Examples.EXP_Testing" name="logout" time="0.003"/>
  <system-out/>
  <testcase classname="TestNG.Examples.EXP_Testing" name="login" time="0.023"/>
  <system-out/>
</testsuite> <!-- TestNG.Examples.EXP_Testing -->
