<?xml version="1.0" encoding="UTF-8"?>
<!-- Generated by org.testng.reporters.JUnitReportReporter -->
<testsuite hostname="DESKTOP-9HU6DH7" failures="0" tests="4" name="TestNG.Examples.EXP_02" time="0.029" errors="0" timestamp="2022-12-08T15:27:15 IST" skipped="0">
  <testcase classname="TestNG.Examples.EXP_02" name="logout" time="0.002"/>
  <system-out/>
  <testcase classname="TestNG.Examples.EXP_02" name="deletemp" time="0.004"/>
  <system-out/>
  <testcase classname="TestNG.Examples.EXP_02" name="login" time="0.003"/>
  <system-out/>
  <testcase classname="TestNG.Examples.EXP_02" name="addNewEmp" time="0.020"/>
  <system-out/>
</testsuite> <!-- TestNG.Examples.EXP_02 -->
