<?xml version="1.0" encoding="UTF-8"?>
<!-- Generated by org.testng.reporters.JUnitReportReporter -->
<testsuite hostname="DESKTOP-9HU6DH7" failures="0" tests="2" name="framework.testscript.EXP_03" time="0.000" errors="0" timestamp="2022-12-13T15:47:44 IST" skipped="2">
  <testcase classname="framework.testscript.EXP_03" name="Newemp" time="0.000">
    <skipped/>
  </testcase> <!-- Newemp -->
  <system-out/>
  <testcase classname="framework.testscript.EXP_03" name="deleteEmp" time="0.000">
    <skipped/>
  </testcase> <!-- deleteEmp -->
  <system-out/>
</testsuite> <!-- framework.testscript.EXP_03 -->
