<?xml version="1.0" encoding="UTF-8"?>
<!-- Generated by org.testng.reporters.JUnitReportReporter -->
<testsuite hostname="DESKTOP-9HU6DH7" failures="0" tests="1" name="TestNG.Examples.EXP_04" time="0.073" errors="0" timestamp="2022-12-09T14:58:25 IST" skipped="0">
  <testcase classname="TestNG.Examples.EXP_04" name="verifyHomepageTitle" time="0.073"/>
  <system-out/>
</testsuite> <!-- TestNG.Examples.EXP_04 -->
