<?xml version="1.0" encoding="UTF-8"?>
<!-- Generated by org.testng.reporters.JUnitReportReporter -->
<testsuite hostname="DESKTOP-9HU6DH7" failures="0" tests="2" name="TestNG.Examples.EXP_03" time="0.020" errors="0" timestamp="2022-12-08T15:33:41 IST" skipped="0">
  <testcase classname="TestNG.Examples.EXP_03" name="Newemp" time="0.017"/>
  <system-out/>
  <testcase classname="TestNG.Examples.EXP_03" name="deleteEmp" time="0.003"/>
  <system-out/>
</testsuite> <!-- TestNG.Examples.EXP_03 -->
